<?xml version="1.0" encoding="UTF-8"?>
<!-- Generated by org.testng.reporters.JUnitXMLReporter -->
<testsuite ignored="0" hostname="DESKTOP-VRBA99Q" failures="1" tests="9" name="Regression" time="14.941" errors="0" timestamp="2021-06-10T11:07:28 EDT">
  <testcase classname="functional.test.TestingLogin" name="webDriverSetup" time="3.799"/>
  <testcase classname="functional.test.TestingLogin" name="typeInSearchBar" time="0.275"/>
  <testcase classname="functional.test.TestingLogin" name="closeBrowser" time="0.046"/>
  <testcase classname="functional.test.GroupsByTestTypes" name="webDriverSetup" time="2.372"/>
  <testcase classname="functional.test.GroupsByTestTypes" name="functionalTestingOne" time="3.059"/>
  <testcase classname="functional.test.GroupsByTestTypes" name="functionalTestingTwo" time="2.717"/>
  <testcase classname="functional.test.Assertion" name="webDriverSetup" time="2.562"/>
  <testcase classname="functional.test.Assertion" name="compareText" time="0.024">
    <failure type="org.junit.ComparisonFailure" message="expected:&amp;lt;A/B Test [Control]&amp;gt; but was:&amp;lt;A/B Test [Variation 1]&amp;gt;">
      <![CDATA[org.junit.ComparisonFailure: expected:<A/B Test [Control]> but was:<A/B Test [Variation 1]>
at org.junit.Assert.assertEquals(Assert.java:117)
at org.junit.Assert.assertEquals(Assert.java:146)
at functional.test.Assertion.compareText(Assertion.java:33)
at java.base/java.util.ArrayList.forEach(ArrayList.java:1511)
... Removed 27 stack frames]]>
    </failure>
  </testcase> <!-- compareText -->
  <testcase classname="functional.test.Assertion" name="closeBrowser" time="0.037"/>
</testsuite> <!-- Regression -->
