<?xml version="1.0" encoding="UTF-8"?>
<!-- Generated by org.testng.reporters.JUnitXMLReporter -->
<testsuite ignored="0" hostname="DESKTOP-VRBA99Q" failures="0" tests="3" name="Default test" time="3.928" errors="0" timestamp="2021-06-09T16:36:03 EDT">
  <testcase classname="test.ui.TestingLogin" name="webDriverSetup" time="3.557"/>
  <testcase classname="test.ui.TestingLogin" name="typeInSearchBar" time="0.285"/>
  <testcase classname="test.ui.TestingLogin" name="closeBrowser" time="0.045"/>
</testsuite> <!-- Default test -->
