<?xml version="1.0" encoding="UTF-8"?>
<!-- Generated by org.testng.reporters.JUnitXMLReporter -->
<testsuite ignored="0" hostname="DESKTOP-VRBA99Q" failures="0" tests="3" name="Default test" time="9.707" errors="0" timestamp="2021-06-10T10:47:19 EDT">
  <testcase classname="test.ui.GroupsByTestTypes" name="webDriverSetup" time="3.89"/>
  <testcase classname="test.ui.GroupsByTestTypes" name="functionalTestingOne" time="3.05"/>
  <testcase classname="test.ui.GroupsByTestTypes" name="functionalTestingTwo" time="2.717"/>
</testsuite> <!-- Default test -->
