<?xml version="1.0" encoding="UTF-8"?>
<testng-results ignored="0" total="3" passed="3" failed="0" skipped="0">
  <reporter-output>
  </reporter-output>
  <suite started-at="2021-06-09T15:08:25 EDT" name="Default suite" finished-at="2021-06-09T15:08:29 EDT" duration-ms="4197">
    <groups>
    </groups>
    <test started-at="2021-06-09T15:08:25 EDT" name="Default test" finished-at="2021-06-09T15:08:29 EDT" duration-ms="4197">
      <class name="test.ui.TestingLogin">
        <test-method signature="webDriverSetup()[pri:1, instance:test.ui.TestingLogin@1700915]" started-at="2021-06-09T15:08:25 EDT" name="webDriverSetup" finished-at="2021-06-09T15:08:29 EDT" duration-ms="3830" status="PASS">
          <reporter-output>
          </reporter-output>
        </test-method> <!-- webDriverSetup -->
        <test-method signature="typeInSearchBar()[pri:2, instance:test.ui.TestingLogin@1700915]" started-at="2021-06-09T15:08:29 EDT" name="typeInSearchBar" finished-at="2021-06-09T15:08:29 EDT" duration-ms="286" status="PASS">
          <reporter-output>
          </reporter-output>
        </test-method> <!-- typeInSearchBar -->
        <test-method signature="closeBrowser()[pri:3, instance:test.ui.TestingLogin@1700915]" started-at="2021-06-09T15:08:29 EDT" name="closeBrowser" finished-at="2021-06-09T15:08:29 EDT" duration-ms="44" status="PASS">
          <reporter-output>
          </reporter-output>
        </test-method> <!-- closeBrowser -->
      </class> <!-- test.ui.TestingLogin -->
    </test> <!-- Default test -->
  </suite> <!-- Default suite -->
</testng-results>
