<?xml version="1.0" encoding="UTF-8"?>
<!-- Generated by org.testng.reporters.JUnitXMLReporter -->
<testsuite ignored="2" hostname="DESKTOP-VRBA99Q" failures="0" tests="2" name="Test" time="3.467" errors="0" timestamp="2021-06-10T12:35:47 EDT">
  <testcase classname="functional.test.GroupsByTestTypes" name="webDriverSetup" time="3.411"/>
  <testcase classname="functional.test.GroupsByTestTypes" name="checkPageTitle" time="0.022"/>
  <testcase classname="functional.test.GroupsByTestTypes" name="functionalTestingOne" time="0.0">
    <ignored/>
  </testcase> <!-- functionalTestingOne -->
  <testcase classname="functional.test.GroupsByTestTypes" name="functionalTestingTwo" time="0.0">
    <ignored/>
  </testcase> <!-- functionalTestingTwo -->
</testsuite> <!-- Test -->
